2024-12-03 12:30:42.073 [info] Started local extension host with pid 9245.
2024-12-03 12:31:13.044 [info] Settings Sync: Updating due to initialize
2024-12-03 12:31:13.048 [info] Settings Sync: Updating authentication providers. Authentication Providers from store: [{"id":"github","scopes":["user:email"]},{"id":"microsoft","scopes":["openid","profile","email","offline_access"]}]
2024-12-03 12:31:13.049 [info] Settings Sync: Authentication providers updated []
2024-12-03 12:31:13.089 [info] Settings Sync: Updating authentication providers. Authentication Providers from store: [{"id":"github","scopes":["user:email"]},{"id":"microsoft","scopes":["openid","profile","email","offline_access"]}]
2024-12-03 12:31:13.093 [info] Settings Sync: Authentication providers updated ["github"]
2024-12-03 12:31:13.095 [info] Settings Sync: Updating authentication providers. Authentication Providers from store: [{"id":"github","scopes":["user:email"]},{"id":"microsoft","scopes":["openid","profile","email","offline_access"]}]
2024-12-03 12:31:13.096 [info] Settings Sync: Authentication providers updated ["github"]
2024-12-03 12:31:13.096 [info] Settings Sync: Updating authentication providers. Authentication Providers from store: [{"id":"github","scopes":["user:email"]},{"id":"microsoft","scopes":["openid","profile","email","offline_access"]}]
2024-12-03 12:31:13.097 [info] Settings Sync: Authentication providers updated ["github","microsoft"]
2024-12-03 12:31:13.097 [info] Settings Sync: Updating authentication providers. Authentication Providers from store: [{"id":"github","scopes":["user:email"]},{"id":"microsoft","scopes":["openid","profile","email","offline_access"]}]
2024-12-03 12:31:13.099 [info] Settings Sync: Authentication providers updated ["github","microsoft"]
2024-12-03 12:31:13.730 [info] Settings Sync: Updating due to declared authentication providers changed
2024-12-03 12:31:13.736 [info] Settings Sync: Updating authentication providers. Authentication Providers from store: [{"id":"github","scopes":["user:email"]},{"id":"microsoft","scopes":["openid","profile","email","offline_access"]}]
2024-12-03 12:31:13.736 [info] Settings Sync: Authentication providers updated ["github","microsoft"]
2024-12-03 12:31:13.736 [info] Settings Sync: Updating due to declared authentication providers changed
2024-12-03 12:31:13.736 [info] Settings Sync: Updating authentication providers. Authentication Providers from store: [{"id":"github","scopes":["user:email"]},{"id":"microsoft","scopes":["openid","profile","email","offline_access"]}]
2024-12-03 12:31:13.737 [info] Settings Sync: Authentication providers updated ["github","microsoft"]
2024-12-03 12:31:14.767 [info] [perf] Render performance baseline is 168ms
2024-12-03 12:51:19.037 [warning] [lifecycle] onBeforeShutdown is taking a long time, pending operations: veto.backups
