2024-12-02 10:28:15.762 [info] Added views:outline in workbench.view.explorer
2024-12-02 10:28:15.762 [info] Added views:workbench.view.search in workbench.view.search
2024-12-02 10:28:15.762 [info] Added views:workbench.scm in workbench.view.scm
2024-12-02 10:28:15.762 [info] Added views:workbench.panel.markers.view in workbench.panel.markers
2024-12-02 10:28:15.762 [info] Added views:workbench.panel.output in workbench.panel.output
2024-12-02 10:28:15.762 [info] Added views:terminal in terminal
2024-12-02 10:28:15.762 [info] Added views:timeline in workbench.view.explorer
2024-12-02 10:28:15.762 [info] Added views:workbench.explorer.emptyView in workbench.view.explorer
2024-12-02 10:28:19.614 [info] Added views:workbench.debug.variablesView,workbench.debug.watchExpressionsView,workbench.debug.callStackView,workbench.debug.breakPointsView in workbench.view.debug
2024-12-02 10:28:45.828 [info] Added views:workbench.panel.repl.view in workbench.panel.repl
2024-12-02 10:28:46.547 [info] Removed views:workbench.debug.breakPointsView,workbench.debug.callStackView,workbench.debug.watchExpressionsView,workbench.debug.variablesView from workbench.view.debug
2024-12-02 10:28:47.035 [info] Added views:workbench.debug.welcome in workbench.view.debug
2024-12-02 10:28:50.882 [info] Added views:~remote.forwardedPorts in ~remote.forwardedPortsContainer
2024-12-02 10:33:50.971 [info] Added views:outline in workbench.view.explorer
2024-12-02 10:33:50.972 [info] Added views:workbench.view.search in workbench.view.search
2024-12-02 10:33:50.972 [info] Added views:workbench.scm in workbench.view.scm
2024-12-02 10:33:50.972 [info] Added views:workbench.panel.markers.view in workbench.panel.markers
2024-12-02 10:33:50.972 [info] Added views:workbench.panel.output in workbench.panel.output
2024-12-02 10:33:50.972 [info] Added views:terminal in terminal
2024-12-02 10:33:50.972 [info] Added views:timeline in workbench.view.explorer
2024-12-02 10:33:50.972 [info] Added views:workbench.explorer.fileView in workbench.view.explorer
2024-12-02 10:33:53.918 [info] Added views:workbench.debug.variablesView,workbench.debug.watchExpressionsView,workbench.debug.callStackView,workbench.debug.breakPointsView in workbench.view.debug
2024-12-02 10:33:54.167 [info] Added views:workbench.panel.repl.view in workbench.panel.repl
2024-12-02 10:33:54.175 [info] Removed views:workbench.debug.breakPointsView,workbench.debug.callStackView,workbench.debug.watchExpressionsView,workbench.debug.variablesView from workbench.view.debug
2024-12-02 10:33:54.187 [info] Added views:workbench.debug.welcome in workbench.view.debug
2024-12-02 10:33:59.867 [info] Added views:~remote.forwardedPorts in ~remote.forwardedPortsContainer
