2024-12-02 10:28:20.410 [info] Extension host with pid 4494 started
2024-12-02 10:28:47.661 [info] ExtensionService#_doActivateExtension vscode.git-base, startup: true, activationEvent: '*', root cause: vscode.git
2024-12-02 10:28:48.956 [info] ExtensionService#_doActivateExtension vscode.debug-auto-launch, startup: false, activationEvent: 'onStartupFinished'
2024-12-02 10:28:48.961 [info] ExtensionService#_doActivateExtension vscode.merge-conflict, startup: false, activationEvent: 'onStartupFinished'
2024-12-02 10:28:49.752 [info] ExtensionService#_doActivateExtension vscode.git, startup: true, activationEvent: '*'
2024-12-02 10:28:50.302 [info] ExtensionService#_doActivateExtension vscode.github, startup: true, activationEvent: '*'
2024-12-02 10:28:50.692 [info] Eager extensions activated
2024-12-02 10:33:49.111 [info] Extension host terminating: renderer closed the MessagePort
2024-12-02 10:33:49.267 [info] Extension host with pid 4494 exiting with code 0
2024-12-02 10:33:53.918 [info] Extension host with pid 4735 started
2024-12-02 10:33:53.919 [info] Skipping acquiring lock for /var/www/html/web/www/html/final/~/.vscode-root/User/workspaceStorage/84ef89d7f896b3efaddd66865b8ac9d9.
2024-12-02 10:33:54.188 [info] ExtensionService#_doActivateExtension vscode.git-base, startup: true, activationEvent: '*'
2024-12-02 10:33:54.452 [info] ExtensionService#_doActivateExtension vscode.github, startup: true, activationEvent: '*'
2024-12-02 10:33:54.667 [info] Eager extensions activated
2024-12-02 10:33:54.916 [info] ExtensionService#_doActivateExtension vscode.debug-auto-launch, startup: false, activationEvent: 'onStartupFinished'
2024-12-02 10:33:54.919 [info] ExtensionService#_doActivateExtension vscode.merge-conflict, startup: false, activationEvent: 'onStartupFinished'
2024-12-02 10:33:55.684 [info] ExtensionService#_doActivateExtension vscode.php-language-features, startup: false, activationEvent: 'onLanguage:php'
2024-12-02 10:33:55.735 [info] ExtensionService#_doActivateExtension vscode.emmet, startup: false, activationEvent: 'onLanguage'
2024-12-02 10:34:34.783 [info] ExtensionService#_doActivateExtension vscode.git, startup: false, activationEvent: 'api', root cause: vscode.github
2024-12-02 10:49:07.729 [info] Extension host terminating: renderer closed the MessagePort
2024-12-02 10:49:07.975 [info] Extension host with pid 4735 exiting with code 0
